  [1m[35m (0.3ms)[0m  [1m[35mCREATE TABLE "schema_migrations" ("version" varchar NOT NULL PRIMARY KEY)[0m
  [1m[35m (0.1ms)[0m  [1m[35mCREATE TABLE "ar_internal_metadata" ("key" varchar NOT NULL PRIMARY KEY, "value" varchar, "created_at" datetime(6) NOT NULL, "updated_at" datetime(6) NOT NULL)[0m
  [1m[36mActiveRecord::InternalMetadata Load (0.0ms)[0m  [1m[34mSELECT * FROM "ar_internal_metadata" WHERE "ar_internal_metadata"."key" = ? ORDER BY "ar_internal_metadata"."key" ASC LIMIT 1[0m  [[nil, "environment"]]
  [1m[36mActiveRecord::InternalMetadata Create (0.1ms)[0m  [1m[32mINSERT INTO "ar_internal_metadata" ("key", "value", "created_at", "updated_at") VALUES ('environment', 'development', '2024-01-30 10:03:20.724356', '2024-01-30 10:03:20.724358') RETURNING "key"[0m
  [1m[36mActiveRecord::SchemaMigration Load (0.0ms)[0m  [1m[34mSELECT "schema_migrations"."version" FROM "schema_migrations" ORDER BY "schema_migrations"."version" ASC[0m
Migrating to CreateEventStoreEvents (20240130110320)
  [1m[36mTRANSACTION (0.0ms)[0m  [1m[36mbegin transaction[0m
  [1m[35m (0.4ms)[0m  [1m[35mCREATE TABLE "event_store_events_in_streams" ("id" integer PRIMARY KEY AUTOINCREMENT NOT NULL, "stream" varchar NOT NULL, "position" integer, "event_id" varchar(36) NOT NULL, "created_at" datetime(6) NOT NULL)[0m
  [1m[35m (0.0ms)[0m  [1m[35mCREATE INDEX "index_event_store_events_in_streams_on_created_at" ON "event_store_events_in_streams" ("created_at")[0m
  [1m[35m (0.0ms)[0m  [1m[35mCREATE UNIQUE INDEX "index_event_store_events_in_streams_on_stream_and_position" ON "event_store_events_in_streams" ("stream", "position")[0m
  [1m[35m (0.0ms)[0m  [1m[35mCREATE UNIQUE INDEX "index_event_store_events_in_streams_on_stream_and_event_id" ON "event_store_events_in_streams" ("stream", "event_id")[0m
  [1m[35m (0.0ms)[0m  [1m[35mCREATE INDEX "index_event_store_events_in_streams_on_event_id" ON "event_store_events_in_streams" ("event_id")[0m
  [1m[35m (0.0ms)[0m  [1m[35mCREATE TABLE "event_store_events" ("id" integer PRIMARY KEY AUTOINCREMENT NOT NULL, "event_id" varchar(36) NOT NULL, "event_type" varchar NOT NULL, "metadata" blob, "data" blob NOT NULL, "created_at" datetime(6) NOT NULL, "valid_at" datetime(6))[0m
  [1m[35m (0.0ms)[0m  [1m[35mCREATE UNIQUE INDEX "index_event_store_events_on_event_id" ON "event_store_events" ("event_id")[0m
  [1m[35m (0.0ms)[0m  [1m[35mCREATE INDEX "index_event_store_events_on_event_type" ON "event_store_events" ("event_type")[0m
  [1m[35m (0.0ms)[0m  [1m[35mCREATE INDEX "index_event_store_events_on_created_at" ON "event_store_events" ("created_at")[0m
  [1m[35m (0.0ms)[0m  [1m[35mCREATE INDEX "index_event_store_events_on_valid_at" ON "event_store_events" ("valid_at")[0m
  [1m[35m (0.0ms)[0m  [1m[35mPRAGMA foreign_keys[0m
  [1m[35m (0.0ms)[0m  [1m[35mPRAGMA defer_foreign_keys[0m
  [1m[35m (0.0ms)[0m  [1m[35mPRAGMA defer_foreign_keys = ON[0m
  [1m[35m (0.0ms)[0m  [1m[35mPRAGMA foreign_keys = OFF[0m
  [1m[35m (0.1ms)[0m  [1m[35mCREATE TEMPORARY TABLE "aevent_store_events_in_streams" ("id" integer PRIMARY KEY AUTOINCREMENT NOT NULL, "stream" varchar NOT NULL, "position" integer DEFAULT NULL, "event_id" varchar(36) NOT NULL, "created_at" datetime(6) NOT NULL)[0m
  [1m[35m (0.0ms)[0m  [1m[35mCREATE INDEX "tindex_aevent_store_events_in_streams_on_event_id" ON "aevent_store_events_in_streams" ("event_id")[0m
  [1m[35m (0.0ms)[0m  [1m[35mCREATE UNIQUE INDEX "tindex_aevent_store_events_in_streams_on_stream_and_event_id" ON "aevent_store_events_in_streams" ("stream", "event_id")[0m
  [1m[35m (0.0ms)[0m  [1m[35mCREATE UNIQUE INDEX "tindex_aevent_store_events_in_streams_on_stream_and_position" ON "aevent_store_events_in_streams" ("stream", "position")[0m
  [1m[35m (0.0ms)[0m  [1m[35mCREATE INDEX "tindex_aevent_store_events_in_streams_on_created_at" ON "aevent_store_events_in_streams" ("created_at")[0m
  [1m[35m (0.0ms)[0m  [1m[32mINSERT INTO "aevent_store_events_in_streams" ("id","stream","position","event_id","created_at")
                     SELECT "id","stream","position","event_id","created_at" FROM "event_store_events_in_streams"[0m
  [1m[35m (0.1ms)[0m  [1m[35mDROP TABLE "event_store_events_in_streams"[0m
  [1m[35m (0.1ms)[0m  [1m[35mCREATE TABLE "event_store_events_in_streams" ("id" integer PRIMARY KEY AUTOINCREMENT NOT NULL, "stream" varchar NOT NULL, "position" integer DEFAULT NULL, "event_id" varchar(36) NOT NULL, "created_at" datetime(6) NOT NULL, CONSTRAINT "fk_rails_c8d52b5857"
FOREIGN KEY ("event_id")
  REFERENCES "event_store_events" ("event_id")
)[0m
  [1m[35m (0.0ms)[0m  [1m[35mCREATE INDEX "index_event_store_events_in_streams_on_created_at" ON "event_store_events_in_streams" ("created_at")[0m
  [1m[35m (0.0ms)[0m  [1m[35mCREATE UNIQUE INDEX "index_event_store_events_in_streams_on_stream_and_position" ON "event_store_events_in_streams" ("stream", "position")[0m
  [1m[35m (0.0ms)[0m  [1m[35mCREATE UNIQUE INDEX "index_event_store_events_in_streams_on_stream_and_event_id" ON "event_store_events_in_streams" ("stream", "event_id")[0m
  [1m[35m (0.0ms)[0m  [1m[35mCREATE INDEX "index_event_store_events_in_streams_on_event_id" ON "event_store_events_in_streams" ("event_id")[0m
  [1m[35m (0.0ms)[0m  [1m[32mINSERT INTO "event_store_events_in_streams" ("id","stream","position","event_id","created_at")
                     SELECT "id","stream","position","event_id","created_at" FROM "aevent_store_events_in_streams"[0m
  [1m[35m (0.1ms)[0m  [1m[35mDROP TABLE "aevent_store_events_in_streams"[0m
  [1m[35m (0.0ms)[0m  [1m[35mPRAGMA defer_foreign_keys = 0[0m
  [1m[35m (0.0ms)[0m  [1m[35mPRAGMA foreign_keys = 1[0m
  [1m[36mActiveRecord::SchemaMigration Create (0.0ms)[0m  [1m[32mINSERT INTO "schema_migrations" ("version") VALUES ('20240130110320') RETURNING "version"[0m
  [1m[36mTRANSACTION (0.1ms)[0m  [1m[36mcommit transaction[0m
  [1m[36mActiveRecord::SchemaMigration Load (0.0ms)[0m  [1m[34mSELECT "schema_migrations"."version" FROM "schema_migrations" ORDER BY "schema_migrations"."version" ASC[0m
